Change Component Footprint: Designator=U12 Old Footprint=NORDIC_NRF52840-QIAA-R7 New Footprint=QFN48_NRF52840-QFAA-R7_NOR
Add Pin To Net: Unknown Pin: Pin R19-1
Added Pin To Net: NetName=NetC46_1 Pin=U12-1
Added Pin To Net: NetName=NetC56_2 Pin=U12-2
Added Pin To Net: NetName=NetC57_2 Pin=U12-3
Added Pin To Net: NetName=NetR56_2 Pin=U12-4
Added Pin To Net: NetName=NetU12_5 Pin=U12-5
Added Pin To Net: NetName=NetR96_1 Pin=U12-7
Added Pin To Net: NetName=NetR94_1 Pin=U12-8
Added Pin To Net: NetName=+3V3 Pin=U12-12
Added Pin To Net: NetName=NetU12_13 Pin=U12-13
Added Pin To Net: NetName=NetU12_14 Pin=U12-14
Added Pin To Net: NetName=NetU12_15 Pin=U12-15
Added Pin To Net: NetName=NetJ8_1 Pin=U12-16
Added Pin To Net: NetName=+3V3 Pin=U12-17
Added Pin To Net: NetName=NetU12_18 Pin=U12-18
Added Pin To Net: NetName=NetC67_1 Pin=U12-19
Added Pin To Net: NetName=NetC68_1 Pin=U12-20
Added Pin To Net: NetName=NetC69_1 Pin=U12-21
Added Pin To Net: NetName=NetR55_1 Pin=U12-22
Added Pin To Net: NetName=NetR54_2 Pin=U12-23
Added Pin To Net: NetName=NetJ8_2 Pin=U12-24
Added Pin To Net: NetName=+3V3 Pin=U12-25
Added Pin To Net: NetName=NetJ7_1 Pin=U12-26
Added Pin To Net: NetName=NetJ7_2 Pin=U12-27
Added Pin To Net: NetName=NetU1_14 Pin=U12-29
Added Pin To Net: NetName=NetU1_15 Pin=U12-30
Added Pin To Net: NetName=NetC70_1 Pin=U12-31
Added Pin To Net: NetName=GND Pin=U12-32
Added Pin To Net: NetName=NetC52_1 Pin=U12-33
Added Pin To Net: NetName=NetC55_2 Pin=U12-34
Added Pin To Net: NetName=NetC58_1 Pin=U12-35
Added Pin To Net: NetName=NetC59_1 Pin=U12-36
Added Pin To Net: NetName=+3V3 Pin=U12-37
Added Pin To Net: NetName=NetR98_1 Pin=U12-40
Added Pin To Net: NetName=NetR95_1 Pin=U12-41
Added Pin To Net: NetName=NetU12_42 Pin=U12-42
Added Pin To Net: NetName=NetU12_43 Pin=U12-43
Added Pin To Net: NetName=NetU12_44 Pin=U12-44
Added Pin To Net: NetName=GND Pin=U12-45
Added Pin To Net: NetName=NetC52_1 Pin=U12-46
Added Pin To Net: NetName=NetL3_1 Pin=U12-47
Added Pin To Net: NetName=+3V3 Pin=U12-48
Added Pin To Net: NetName=GND Pin=U12-49
