Change Component Designator: OldDesignator=    NewDesignator=R66
Add Pin To Net: Unknown Pin: Pin R19-1
Add Pin To Net: Unknown Pin: Pin U12-1
Add Pin To Net: Unknown Pin: Pin U12-2
Add Pin To Net: Unknown Pin: Pin U12-3
Add Pin To Net: Unknown Pin: Pin U12-4
Add Pin To Net: Unknown Pin: Pin U12-5
Add Pin To Net: Unknown Pin: Pin U12-7
Add Pin To Net: Unknown Pin: Pin U12-8
Add Pin To Net: Unknown Pin: Pin U12-12
Add Pin To Net: Unknown Pin: Pin U12-13
Add Pin To Net: Unknown Pin: Pin U12-14
Add Pin To Net: Unknown Pin: Pin U12-15
Add Pin To Net: Unknown Pin: Pin U12-16
Add Pin To Net: Unknown Pin: Pin U12-17
Add Pin To Net: Unknown Pin: Pin U12-18
Add Pin To Net: Unknown Pin: Pin U12-19
Add Pin To Net: Unknown Pin: Pin U12-20
Add Pin To Net: Unknown Pin: Pin U12-21
Add Pin To Net: Unknown Pin: Pin U12-22
Add Pin To Net: Unknown Pin: Pin U12-23
Add Pin To Net: Unknown Pin: Pin U12-24
Add Pin To Net: Unknown Pin: Pin U12-25
Add Pin To Net: Unknown Pin: Pin U12-26
Add Pin To Net: Unknown Pin: Pin U12-27
Add Pin To Net: Unknown Pin: Pin U12-29
Add Pin To Net: Unknown Pin: Pin U12-30
Add Pin To Net: Unknown Pin: Pin U12-31
Add Pin To Net: Unknown Pin: Pin U12-32
Add Pin To Net: Unknown Pin: Pin U12-33
Add Pin To Net: Unknown Pin: Pin U12-34
Add Pin To Net: Unknown Pin: Pin U12-35
Add Pin To Net: Unknown Pin: Pin U12-36
Add Pin To Net: Unknown Pin: Pin U12-37
Add Pin To Net: Unknown Pin: Pin U12-40
Add Pin To Net: Unknown Pin: Pin U12-41
Add Pin To Net: Unknown Pin: Pin U12-42
Add Pin To Net: Unknown Pin: Pin U12-43
Add Pin To Net: Unknown Pin: Pin U12-44
Add Pin To Net: Unknown Pin: Pin U12-45
Add Pin To Net: Unknown Pin: Pin U12-46
Add Pin To Net: Unknown Pin: Pin U12-47
Add Pin To Net: Unknown Pin: Pin U12-48
Add Pin To Net: Unknown Pin: Pin U12-49
Added Member To Class: ClassName=SingleBoardDrone_RF Member=Component AE1 CGGBP.25.2.A.02
Added Member To Class: ClassName=SingleBoardDrone_Act Member=Component C28 CL03A104KP3NNNC
Added Member To Class: ClassName=SingleBoardDrone_Act Member=Component C29 CL03A104KP3NNNC
Added Member To Class: ClassName=SingleBoardDrone_Act Member=Component C30 CL03A104KP3NNNC
Added Member To Class: ClassName=SingleBoardDrone_Act Member=Component C31 CL03A104KP3NNNC
Added Member To Class: ClassName=SingleBoardDrone_Act Member=Component C32 CL03A104KP3NNNC
Added Member To Class: ClassName=SingleBoardDrone_Act Member=Component C33 CL03A104KP3NNNC
Added Member To Class: ClassName=SingleBoardDrone_Act Member=Component C76 CL03A104KP3NNNC
Added Member To Class: ClassName=SingleBoardDrone_Act Member=Component C77 CL03A104KP3NNNC
Added Member To Class: ClassName=SingleBoardDrone_Act Member=Component C78 CL03A104KP3NNNC
Added Member To Class: ClassName=SingleBoardDrone_Act Member=Component C79 CL03A104KP3NNNC
Added Member To Class: ClassName=SingleBoardDrone_Act Member=Component C80 CL03A104KP3NNNC
Added Member To Class: ClassName=SingleBoardDrone_Act Member=Component C81 CL03A104KP3NNNC
Added Member To Class: ClassName=SingleBoardDrone_Act Member=Component C99 CL03A104KP3NNNC
Added Member To Class: ClassName=SingleBoardDrone_Act Member=Component M2 DCM_8520
Added Member To Class: ClassName=SingleBoardDrone_Act Member=Component M3 DCM_8520
Added Member To Class: ClassName=SingleBoardDrone_Act Member=Component M4 DCM_8520
Added Member To Class: ClassName=SingleBoardDrone_Act Member=Component M5 DCM_8520
Added Member To Class: ClassName=SingleBoardDrone_Act Member=Component M6 DCM_8520
Added Member To Class: ClassName=SingleBoardDrone_Act Member=Component M7 DCM_8520
Added Member To Class: ClassName=SingleBoardDrone_Act Member=Component M8 DCM_8520
Added Member To Class: ClassName=SingleBoardDrone_Act Member=Component Q2 DMG2305UX-7
Added Member To Class: ClassName=SingleBoardDrone_Act Member=Component Q3 DMG2305UX-7
Added Member To Class: ClassName=SingleBoardDrone_Act Member=Component Q4 DMG2305UX-7
Added Member To Class: ClassName=SingleBoardDrone_Act Member=Component Q5 DMG2305UX-7
Added Member To Class: ClassName=SingleBoardDrone_Act Member=Component R19 RC0402FR-070RL
Added Member To Class: ClassName=SingleBoardDrone_Act Member=Component R20 RC0402FR-070RL
Added Member To Class: ClassName=SingleBoardDrone_Act Member=Component R21 RC0402FR-070RL
Added Member To Class: ClassName=SingleBoardDrone_Act Member=Component R22 RC0402FR-070RL
Added Member To Class: ClassName=SingleBoardDrone_Act Member=Component R24 RMCF0603JG10K0
Added Member To Class: ClassName=SingleBoardDrone_Act Member=Component R28 ERJ-3RSFR10V
Added Member To Class: ClassName=SingleBoardDrone_Act Member=Component R29 ERJ-3RSFR10V
Added Member To Class: ClassName=SingleBoardDrone_Act Member=Component R30 ERJ-3EKF1653V
Added Member To Class: ClassName=SingleBoardDrone_Act Member=Component R31 CRCW08055K00FKTA
Added Member To Class: ClassName=SingleBoardDrone_Act Member=Component R32 ERJ-3EKF1653V
Added Member To Class: ClassName=SingleBoardDrone_Act Member=Component R33 CRCW08055K00FKTA
Added Member To Class: ClassName=SingleBoardDrone_Act Member=Component R34 RC0402FR-070RL
Added Member To Class: ClassName=SingleBoardDrone_Act Member=Component R35 RC0402FR-070RL
Added Member To Class: ClassName=SingleBoardDrone_Act Member=Component R36 RC0402FR-070RL
Added Member To Class: ClassName=SingleBoardDrone_Act Member=Component R37 RC0402FR-070RL
Added Member To Class: ClassName=SingleBoardDrone_Act Member=Component R38 ERJ-3RSFR10V
Added Member To Class: ClassName=SingleBoardDrone_Act Member=Component R39 CRCW08055K00FKTA
Added Member To Class: ClassName=SingleBoardDrone_Act Member=Component R40 ERJ-3EKF1653V
Added Member To Class: ClassName=SingleBoardDrone_Act Member=Component R41 ERJ-3EKF1653V
Added Member To Class: ClassName=SingleBoardDrone_Act Member=Component R42 CRCW08055K00FKTA
Added Member To Class: ClassName=SingleBoardDrone_Act Member=Component R43 ERJ-3RSFR10V
Added Member To Class: ClassName=SingleBoardDrone_Act Member=Component R47 RMCF0603JG10K0
Added Member To Class: ClassName=SingleBoardDrone_Act Member=Component R48 RC0402FR-070RL
Added Member To Class: ClassName=SingleBoardDrone_Act Member=Component R60 RMCF0603JG10K0
Added Member To Class: ClassName=SingleBoardDrone_Act Member=Component R64 ERJ-3RSFR10V
Added Member To Class: ClassName=SingleBoardDrone_Act Member=Component R65 CRCW08055K00FKTA
Added Member To Class: ClassName=SingleBoardDrone_Act Member=Component R66 ERJ-3EKF1653V
Added Member To Class: ClassName=SingleBoardDrone_Act Member=Component R67 ERJ-3EKF1653V
Added Member To Class: ClassName=SingleBoardDrone_Act Member=Component R68 CRCW08055K00FKTA
Added Member To Class: ClassName=SingleBoardDrone_Act Member=Component R69 ERJ-3RSFR10V
Added Member To Class: ClassName=SingleBoardDrone_Act Member=Component R71 RC0402FR-070RL
Added Member To Class: ClassName=SingleBoardDrone_Act Member=Component R72 RC0402FR-070RL
Added Member To Class: ClassName=SingleBoardDrone_Act Member=Component R73 RC0402FR-070RL
Added Member To Class: ClassName=SingleBoardDrone_Act Member=Component R74 RC0402FR-070RL
Added Member To Class: ClassName=SingleBoardDrone_Act Member=Component R78 RMCF0603JG10K0
Added Member To Class: ClassName=SingleBoardDrone_Act Member=Component R79 ERJ-3RSFR10V
Added Member To Class: ClassName=SingleBoardDrone_Act Member=Component R80 CRCW08055K00FKTA
Added Member To Class: ClassName=SingleBoardDrone_Act Member=Component R81 ERJ-3EKF1653V
Added Member To Class: ClassName=SingleBoardDrone_Act Member=Component R82 ERJ-3EKF1653V
Added Member To Class: ClassName=SingleBoardDrone_Act Member=Component R83 CRCW08055K00FKTA
Added Member To Class: ClassName=SingleBoardDrone_Act Member=Component R84 ERJ-3RSFR10V
Added Member To Class: ClassName=SingleBoardDrone_Act Member=Component R85 RC0402FR-070RL
Added Member To Class: ClassName=SingleBoardDrone_Act Member=Component R86 RC0402FR-070RL
Added Member To Class: ClassName=SingleBoardDrone_Act Member=Component R87 RC0402FR-070RL
Added Member To Class: ClassName=SingleBoardDrone_Act Member=Component R88 RC0402FR-070RL
Added Member To Class: ClassName=SingleBoardDrone_Act Member=Component R99 RC0402FR-070RL
Added Member To Class: ClassName=SingleBoardDrone_Act Member=Component  DCM_8520
Added Member To Class: ClassName=SingleBoardDrone_Act Member=Component U6 DRV8212DSGR
Added Member To Class: ClassName=SingleBoardDrone_Act Member=Component U7 TLV9152IDR
Added Member To Class: ClassName=SingleBoardDrone_Act Member=Component U8 DRV8212DSGR
Added Member To Class: ClassName=SingleBoardDrone_Act Member=Component U9 TLV9152IDR
Added Member To Class: ClassName=SingleBoardDrone_Act Member=Component U17 DRV8212DSGR
Added Member To Class: ClassName=SingleBoardDrone_Act Member=Component U18 TLV9152IDR
Added Member To Class: ClassName=SingleBoardDrone_Act Member=Component U19 DRV8212DSGR
Added Member To Class: ClassName=SingleBoardDrone_Act Member=Component U20 TLV9152IDR
Added Member To Class: ClassName=SingleBoardDrone_Act Member=Component U21 SN74LV4051APWR
