Removed Pin From Net: NetName=PGND Pin=C1-2
Removed Pin From Net: NetName=PGND Pin=C2-2
Removed Pin From Net: NetName=PGND Pin=C3-2
Removed Pin From Net: NetName=PGND Pin=C4-2
Removed Pin From Net: NetName=PGND Pin=C5-2
Removed Pin From Net: NetName=PGND Pin=C6-2
Removed Pin From Net: NetName=PGND Pin=C7-2
Removed Pin From Net: NetName=PGND Pin=C8-2
Removed Pin From Net: NetName=PGND Pin=C9-2
Removed Pin From Net: NetName=PGND Pin=C10-2
Removed Pin From Net: NetName=PGND Pin=C11-2
Removed Pin From Net: NetName=PGND Pin=C12-2
Removed Pin From Net: NetName=PGND Pin=C13-2
Removed Pin From Net: NetName=Net_GND Pin=R19-S
Removed Pin From Net: NetName=PGND Pin=U1-47
Added Pin To Net: NetName=GND Pin=C1-2
Added Pin To Net: NetName=GND Pin=C2-2
Added Pin To Net: NetName=GND Pin=C3-2
Added Pin To Net: NetName=GND Pin=C4-2
Added Pin To Net: NetName=GND Pin=C5-2
Added Pin To Net: NetName=GND Pin=C6-2
Added Pin To Net: NetName=GND Pin=C7-2
Added Pin To Net: NetName=GND Pin=C8-2
Added Pin To Net: NetName=GND Pin=C9-2
Added Pin To Net: NetName=GND Pin=C10-2
Added Pin To Net: NetName=GND Pin=C11-2
Added Pin To Net: NetName=GND Pin=C12-2
Added Pin To Net: NetName=GND Pin=C13-2
Added Pin To Net: NetName=GND Pin=U1-47
